<?xml version="1.0" encoding="UTF-8"?>
<!-- Generated by org.testng.reporters.JUnitReportReporter -->
<testsuite hostname="GOUTAM2021" failures="0" tests="1" name="rahulshettyacademy.loginErrorValidationTest" time="6.098" errors="0" timestamp="2024-06-15T23:51:45 IST" skipped="0">
  <testcase classname="rahulshettyacademy.loginErrorValidationTest" name="submitOrder" time="6.098"/>
</testsuite> <!-- rahulshettyacademy.loginErrorValidationTest -->
