<?xml version="1.0" encoding="UTF-8"?>
<!-- Generated by org.testng.reporters.JUnitReportReporter -->
<testsuite hostname="GOUTAM2021" failures="0" tests="1" name="rahulshettyacademy.loginErrorValidationTest" time="8.207" errors="0" timestamp="2024-06-26T13:07:24 IST" skipped="0">
  <testcase classname="rahulshettyacademy.loginErrorValidationTest" name="submitOrder" time="8.207"/>
</testsuite> <!-- rahulshettyacademy.loginErrorValidationTest -->
